<?xml version="1.0" encoding="UTF-8"?>
<!-- Generated by org.testng.reporters.JUnitXMLReporter -->
<testsuite hostname="DESKTOP-J8D4657" ignored="0" name="Default test" tests="3" failures="0" timestamp="11 Dec 2020 19:40:17 GMT" time="24.298" errors="0">
  <testcase name="loginPageTitle" time="0.082" classname="com.crm.qa.testCases.LoginPageTest"/>
  <testcase name="loginTest" time="1.053" classname="com.crm.qa.testCases.LoginPageTest"/>
  <testcase name="logotest" time="0.241" classname="com.crm.qa.testCases.LoginPageTest"/>
</testsuite> <!-- Default test -->
