<?xml version="1.0" encoding="UTF-8"?>
<testng-results skipped="0" failed="0" ignored="0" total="3" passed="3">
  <reporter-output>
  </reporter-output>
  <suite name="Default suite" duration-ms="24298" started-at="2020-12-11T19:39:52Z" finished-at="2020-12-11T19:40:17Z">
    <groups>
    </groups>
    <test name="Default test" duration-ms="24298" started-at="2020-12-11T19:39:52Z" finished-at="2020-12-11T19:40:17Z">
      <class name="com.crm.qa.testCases.LoginPageTest">
        <test-method status="PASS" signature="setup()[pri:0, instance:com.crm.qa.testCases.LoginPageTest@4034c28c]" name="setup" is-config="true" duration-ms="7404" started-at="2020-12-11T19:39:52Z" finished-at="2020-12-11T19:40:00Z">
          <reporter-output>
          </reporter-output>
        </test-method> <!-- setup -->
        <test-method status="PASS" signature="loginPageTitle()[pri:1, instance:com.crm.qa.testCases.LoginPageTest@4034c28c]" name="loginPageTitle" duration-ms="82" started-at="2020-12-11T19:40:00Z" finished-at="2020-12-11T19:40:00Z">
          <reporter-output>
          </reporter-output>
        </test-method> <!-- loginPageTitle -->
        <test-method status="PASS" signature="tearDown()[pri:0, instance:com.crm.qa.testCases.LoginPageTest@4034c28c]" name="tearDown" is-config="true" duration-ms="649" started-at="2020-12-11T19:40:00Z" finished-at="2020-12-11T19:40:01Z">
          <reporter-output>
          </reporter-output>
        </test-method> <!-- tearDown -->
        <test-method status="PASS" signature="setup()[pri:0, instance:com.crm.qa.testCases.LoginPageTest@4034c28c]" name="setup" is-config="true" duration-ms="6753" started-at="2020-12-11T19:40:01Z" finished-at="2020-12-11T19:40:07Z">
          <reporter-output>
          </reporter-output>
        </test-method> <!-- setup -->
        <test-method status="PASS" signature="loginTest()[pri:2, instance:com.crm.qa.testCases.LoginPageTest@4034c28c]" name="loginTest" duration-ms="1053" started-at="2020-12-11T19:40:07Z" finished-at="2020-12-11T19:40:08Z">
          <reporter-output>
          </reporter-output>
        </test-method> <!-- loginTest -->
        <test-method status="PASS" signature="tearDown()[pri:0, instance:com.crm.qa.testCases.LoginPageTest@4034c28c]" name="tearDown" is-config="true" duration-ms="640" started-at="2020-12-11T19:40:08Z" finished-at="2020-12-11T19:40:09Z">
          <reporter-output>
          </reporter-output>
        </test-method> <!-- tearDown -->
        <test-method status="PASS" signature="setup()[pri:0, instance:com.crm.qa.testCases.LoginPageTest@4034c28c]" name="setup" is-config="true" duration-ms="6811" started-at="2020-12-11T19:40:09Z" finished-at="2020-12-11T19:40:16Z">
          <reporter-output>
          </reporter-output>
        </test-method> <!-- setup -->
        <test-method status="PASS" signature="logotest()[pri:2, instance:com.crm.qa.testCases.LoginPageTest@4034c28c]" name="logotest" duration-ms="241" started-at="2020-12-11T19:40:16Z" finished-at="2020-12-11T19:40:16Z">
          <reporter-output>
          </reporter-output>
        </test-method> <!-- logotest -->
        <test-method status="PASS" signature="tearDown()[pri:0, instance:com.crm.qa.testCases.LoginPageTest@4034c28c]" name="tearDown" is-config="true" duration-ms="631" started-at="2020-12-11T19:40:16Z" finished-at="2020-12-11T19:40:17Z">
          <reporter-output>
          </reporter-output>
        </test-method> <!-- tearDown -->
      </class> <!-- com.crm.qa.testCases.LoginPageTest -->
    </test> <!-- Default test -->
  </suite> <!-- Default suite -->
</testng-results>
